<?xml version="1.0" encoding="UTF-8" ?>
<infinote-test>
 <user id="1" />
 <user id="2" />
 <user id="3" />
 <user id="4" />
 <user id="5" />

 <initial-buffer>
  <segment author="0">abcd</segment>
 </initial-buffer>

 <request time="" user="5">
  <delete pos="3" len="1" />
 </request>

 <request time="" user="5">
  <undo />
 </request>

 <request time="" user="4">
  <delete pos="2" len="2" />
 </request>

 <request time="" user="3">
  <insert pos="1">z</insert>
 </request>

 <request time="" user="5">
  <redo />
 </request>

 <request time="3:1;4:1;5:3" user="2">
  <insert pos="3">y</insert>
 </request>

 <request time="2:1;4:1;5:3" user="3">
  <undo />
 </request>

 <request time="2:1;3:1;5:3" user="4">
  <undo />
 </request>

 <final-buffer>
  <segment author="0">abc</segment>
  <segment author="2">y</segment>
 </final-buffer>
</infinote-test>
