<?xml version="1.0" encoding="UTF-8" ?>
<infinote-test>
 <user id="1" />
 <user id="2" />
 <user id="3" />
 <user id="4" />
 <user id="5" />

 <initial-buffer>
 </initial-buffer>

 <request time="" user="1">
  <insert pos="0">ABCDE</insert>
 </request>

 <request time="1:1" user="2">
  <delete pos="2" len="2" />
 </request>

 <request time="" user="2">
  <undo />
 </request>

 <request time="2:2" user="1">
  <undo />
 </request>

 <final-buffer>
 </final-buffer>
</infinote-test>
