<?xml version="1.0" encoding="UTF-8" ?>
<infinote-test>
 <user id="1" />
 <user id="2" />
 <user id="3" />
 <user id="4" />
 <user id="5" />

 <initial-buffer>
  <segment author="0">ab</segment>
 </initial-buffer>

 <request time="" user="1">
  <delete pos="1" len="1" />
 </request>

 <request time="" user="1">
  <delete pos="0" len="1" />
 </request>

 <request time="" user="1">
  <undo />
 </request>

 <request time="" user="1">
  <undo />
 </request>

 <final-buffer>
  <segment author="0">ab</segment>
 </final-buffer>
</infinote-test>
