<?xml version="1.0" encoding="UTF-8" ?>
<infinote-test>
 <user id="1" />
 <user id="2" />
 <user id="3" />
 <user id="4" />
 <user id="5" />

 <initial-buffer>
  <segment author="0">abcdefghi</segment>
 </initial-buffer>

 <request time="" user="2">
  <insert pos="2">ac</insert>
 </request>

 <request time="" user="3">
  <insert pos="3">bc</insert>
 </request>

 <request time="" user="4">
  <delete pos="0" len="5" />
 </request>

 <final-buffer>
  <segment author="2">ac</segment>
  <segment author="3">bc</segment>
  <segment author="0">fghi</segment>
 </final-buffer>
</infinote-test>
