<?xml version="1.0" encoding="UTF-8" ?>
<infinote-test>
 <user id="1" />
 <user id="2" />
 <user id="3" />
 <user id="4" />
 <user id="5" />

 <initial-buffer>
  <segment author="0">c</segment>
 </initial-buffer>

 <request time="" user="2">
  <insert pos="0">a</insert>
 </request>

 <request time="" user="4">
  <insert pos="0">c</insert>
 </request>

 <request time="" user="3">
  <delete pos="0" len="1" />
 </request>

 <request time="2:1;4:1" user="5">
  <insert pos="1">d</insert>
 </request>

 <final-buffer>
  <segment author="4">c</segment>
  <segment author="5">d</segment>
  <segment author="2">a</segment>
 </final-buffer>
</infinote-test>
