<?xml version="1.0" encoding="UTF-8" ?>
<infinote-test>
 <user id="1" />
 <user id="2" />
 <user id="3" />
 <user id="4" />
 <user id="5" />

 <initial-buffer>
  <segment author="0">abcd</segment>
 </initial-buffer>

 <request time="" user="2">
  <delete pos="1" len="1" />
 </request>

 <request time="" user="1">
  <insert pos="4">x</insert>
 </request>

 <request time="" user="4">
  <insert pos="4">x</insert>
 </request>

 <request time="" user="4">
  <delete pos="2" len="2" />
 </request>

 <request time="" user="1">
  <undo />
 </request>

 <request time="2:1;4:2" user="1">
  <redo />
 </request>

 <request time="1:3;4:2" user="2">
  <insert pos="3">y</insert>
 </request>

 <request time="2:1" user="1">
  <undo />
 </request>

 <request time="1:3;2:2" user="4">
  <undo />
 </request>

 <request time="" user="4">
  <undo />
 </request>

 <request time="" user="2">
  <undo />
 </request>

 <final-buffer>
  <segment author="0">acd</segment>
 </final-buffer>
</infinote-test>
