<?xml version="1.0" encoding="UTF-8" ?>
<infinote-test>
 <user id="1" />
 <user id="2" />
 <user id="3" />
 <user id="4" />
 <user id="5" />

 <initial-buffer>
  <segment author="0">M</segment>
 </initial-buffer>

 <request time="" user="1">
  <insert pos="1">S</insert>
 </request>

 <request time="1:1" user="2">
  <insert pos="1">A</insert>
 </request>

 <request time="2:1" user="1">
  <undo />
 </request>

 <final-buffer>
  <segment author="0">M</segment>
  <segment author="2">A</segment>
 </final-buffer>
</infinote-test>
