<?xml version="1.0" encoding="UTF-8" ?>
<infinote-test>
 <user id="1" />
 <user id="2" />
 <user id="3" />
 <user id="4" />
 <user id="5" />

 <initial-buffer>
 </initial-buffer>

 <request time="" user="3">
  <insert pos="0">1</insert>
 </request>

 <request time="" user="3">
  <delete pos="0" len="1" />
 </request>

 <request time="" user="3">
  <insert pos="0">b</insert>
 </request>

 <request time="" user="2">
  <insert pos="0">c</insert>
 </request>

 <request time="" user="2">
  <undo />
 </request>

 <request time="" user="2">
  <insert pos="0">d</insert>
 </request>

 <final-buffer>
  <segment author="3">b</segment>
  <segment author="2">d</segment>
 </final-buffer>
</infinote-test>
