<?xml version="1.0" encoding="UTF-8" ?>
<infinote-test>
 <user id="1" />
 <user id="2" />
 <user id="3" />
 <user id="4" />
 <user id="5" />

 <initial-buffer>
 </initial-buffer>

 <request time="" user="1">
  <insert pos="0">x</insert>
 </request>

 <request time="" user="1">
  <delete pos="0" len="1" />
 </request>

 <request time="1:2" user="2">
  <insert pos="0">a</insert>
 </request>

 <request time="" user="2">
  <undo />
 </request>

 <request time="" user="2">
  <redo />
 </request>

 <request time="2:3" user="1">
  <undo />
 </request>

 <request time="" user="1">
  <undo />
 </request>

 <final-buffer>
  <segment author="2">a</segment>
 </final-buffer>
</infinote-test>
