<?xml version="1.0" encoding="UTF-8" ?>
<infinote-test>
 <user id="1" />
 <user id="2" />
 <user id="3" />
 <user id="4" />
 <user id="5" />

 <initial-buffer>
  <segment author="0">ABCDE</segment>
 </initial-buffer>

 <request time="" user="1">
  <delete pos="3" len="2" />
 </request>

 <request time="" user="1">
  <insert pos="3">Y</insert>
 </request>

 <request time="" user="2">
  <delete pos="0" len="5" />
 </request>

 <request time="" user="1">
  <insert pos="4">Z</insert>
 </request>

 <request time="1:3" user="2">
  <undo />
 </request>

 <request time="2:2" user="1">
  <undo />
 </request>

 <request time="" user="1">
  <undo />
 </request>

 <request time="1:2" user="2">
  <insert pos="1">DEG</insert>
 </request>

 <request time="2:1" user="1">
  <undo />
 </request>

 <request time="" user="2">
  <undo />
 </request>

 <final-buffer>
  <segment author="0">ABCDE</segment>
 </final-buffer>
</infinote-test>
